Base path: '/Applications/Unity/Hub/Editor/2019.2.17f1/Unity.app/Contents', plugins path '/Applications/Unity/Hub/Editor/2019.2.17f1/Unity.app/Contents/PlaybackEngines'
Cmd: initializeCompiler
Cmd: compileComputeKernel
  api=14 insize=2627 outsize=9071 ok=1
Cmd: translateComputeKernel
  api=14 insize=9071 outsize=1693 ok=1
Cmd: compileComputeKernel
  api=14 insize=15806 outsize=112321 ok=1
Cmd: compileComputeKernel
  api=14 insize=15806 outsize=24761 ok=1
Cmd: compileComputeKernel
  api=14 insize=15806 outsize=46178 ok=1
Cmd: compileComputeKernel
  api=14 insize=15806 outsize=53996 ok=1
Cmd: compileComputeKernel
  api=14 insize=15806 outsize=43787 ok=1
Cmd: compileComputeKernel
  api=14 insize=15806 outsize=91434 ok=1
Cmd: compileComputeKernel
  api=14 insize=15806 outsize=57945 ok=1
Cmd: compileComputeKernel
  api=14 insize=15806 outsize=60492 ok=1
Cmd: compileComputeKernel
  api=14 insize=15806 outsize=112512 ok=1
Cmd: compileComputeKernel
  api=14 insize=15806 outsize=62413 ok=1
Cmd: compileComputeKernel
  api=14 insize=15806 outsize=45373 ok=1
Cmd: compileComputeKernel
  api=14 insize=15806 outsize=83036 ok=1
Cmd: compileComputeKernel
  api=14 insize=15806 outsize=50408 ok=1
Cmd: compileComputeKernel
  api=14 insize=15806 outsize=58254 ok=1
Cmd: translateComputeKernel
  api=14 insize=110426 outsize=247111 ok=1
Cmd: translateComputeKernel
  api=14 insize=133888 outsize=314100 ok=1
Cmd: translateComputeKernel
  api=14 insize=57558 outsize=111912 ok=1
Cmd: translateComputeKernel
  api=14 insize=49687 outsize=93133 ok=1
Cmd: translateComputeKernel
  api=14 insize=45517 outsize=83560 ok=1
Cmd: translateComputeKernel
  api=14 insize=58814 outsize=115770 ok=1
Cmd: translateComputeKernel
  api=14 insize=61481 outsize=122592 ok=1
Cmd: translateComputeKernel
  api=14 insize=81142 outsize=171696 ok=1
Cmd: translateComputeKernel
  api=14 insize=61313 outsize=124568 ok=1
Cmd: translateComputeKernel
  api=14 insize=80970 outsize=173818 ok=1
Cmd: translateComputeKernel
  api=14 insize=46092 outsize=86209 ok=1
Cmd: translateComputeKernel
  api=14 insize=62981 outsize=131914 ok=1
Cmd: translateComputeKernel
  api=14 insize=46282 outsize=85022 ok=1
Cmd: translateComputeKernel
  api=14 insize=59383 outsize=117270 ok=1
Cmd: translateComputeKernel
  api=14 insize=51480 outsize=98700 ok=1
Cmd: translateComputeKernel
  api=14 insize=70902 outsize=146197 ok=1
Cmd: translateComputeKernel
  api=14 insize=51476 outsize=98455 ok=1
Cmd: translateComputeKernel
  api=14 insize=63722 outsize=129070 ok=1
Cmd: translateComputeKernel
  api=14 insize=83579 outsize=179041 ok=1
Cmd: compileComputeKernel
  api=14 insize=26390 outsize=17507 ok=1
Cmd: compileComputeKernel
  api=14 insize=26390 outsize=17711 ok=1
Cmd: translateComputeKernel
  api=14 insize=17326 outsize=33726 ok=1
Cmd: translateComputeKernel
  api=14 insize=16312 outsize=31849 ok=1
Cmd: translateComputeKernel
  api=14 insize=17510 outsize=34128 ok=1
Cmd: translateComputeKernel
  api=14 insize=18329 outsize=35580 ok=1
Cmd: translateComputeKernel
  api=14 insize=2127 outsize=3870 ok=1
Cmd: compileComputeKernel
  api=14 insize=1372 outsize=1424 ok=1
Cmd: translateComputeKernel
  api=14 insize=1373 outsize=1510 ok=1
Cmd: translateComputeKernel
  api=14 insize=48832 outsize=85873 ok=1
Cmd: compileComputeKernel
  api=14 insize=10881 outsize=11445 ok=1
Cmd: translateComputeKernel
  api=14 insize=11445 outsize=22649 ok=1
Cmd: compileComputeKernel
  api=14 insize=9590 outsize=9952 ok=1
Cmd: compileComputeKernel
  api=14 insize=9590 outsize=9959 ok=1
Cmd: translateComputeKernel
  api=14 insize=10208 outsize=14727 ok=1
Cmd: translateComputeKernel
  api=14 insize=11811 outsize=17576 ok=1
Cmd: translateComputeKernel
  api=14 insize=11818 outsize=17583 ok=1
Cmd: compileComputeKernel
  api=14 insize=9730 outsize=11974 ok=1
Cmd: translateComputeKernel
  api=14 insize=12652 outsize=7910 ok=1
Cmd: compileComputeKernel
  api=14 insize=4855 outsize=7304 ok=1
Cmd: translateComputeKernel
  api=14 insize=5781 outsize=8380 ok=1
Cmd: translateComputeKernel
  api=14 insize=7304 outsize=11321 ok=1
Cmd: compileComputeKernel
  api=14 insize=4133 outsize=12308 ok=1
Cmd: compileComputeKernel
  api=14 insize=5067 outsize=11029 ok=1
Cmd: translateComputeKernel
  api=14 insize=10495 outsize=4181 ok=1
Cmd: compileComputeKernel
  api=14 insize=12177 outsize=2075 ok=1
Cmd: compileComputeKernel
  api=14 insize=7611 outsize=1870 ok=1
Cmd: compileComputeKernel
  api=14 insize=7611 outsize=1881 ok=1
Cmd: translateComputeKernel
  api=14 insize=1541 outsize=1725 ok=1
Cmd: translateComputeKernel
  api=14 insize=1552 outsize=1736 ok=1
Cmd: translateComputeKernel
  api=14 insize=1881 outsize=2337 ok=1
Cmd: compileComputeKernel
  api=14 insize=3154 outsize=2715 ok=1
Cmd: translateComputeKernel
  api=14 insize=2715 outsize=4646 ok=1
Cmd: translateComputeKernel
  api=14 insize=9607 outsize=2384 ok=1
Cmd: translateComputeKernel
  api=14 insize=12009 outsize=24524 ok=1
Cmd: compileComputeKernel
  api=14 insize=13984 outsize=4410 ok=1
Cmd: translateComputeKernel
  api=14 insize=4124 outsize=7330 ok=1
Cmd: compileComputeKernel
  api=14 insize=18299 outsize=9678 ok=1
Cmd: compileComputeKernel
  api=14 insize=18299 outsize=11282 ok=1
Cmd: translateComputeKernel
  api=14 insize=9678 outsize=16573 ok=1
Cmd: translateComputeKernel
  api=14 insize=11294 outsize=24763 ok=1
Cmd: translateComputeKernel
  api=14 insize=11742 outsize=25434 ok=1
Cmd: compileComputeKernel
  api=14 insize=1881 outsize=1503 ok=1
Cmd: translateComputeKernel
  api=14 insize=1503 outsize=1776 ok=1
Cmd: compileComputeKernel
  api=14 insize=22088 outsize=17022 ok=1
Cmd: compileComputeKernel
  api=14 insize=22088 outsize=17670 ok=1
Cmd: translateComputeKernel
  api=14 insize=16544 outsize=33966 ok=1
Cmd: translateComputeKernel
  api=14 insize=17192 outsize=35220 ok=1
Cmd: translateComputeKernel
  api=14 insize=7446 outsize=16832 ok=1
Cmd: compileComputeKernel
  api=14 insize=22288 outsize=22297 ok=1
Cmd: compileComputeKernel
  api=14 insize=3012 outsize=2645 ok=1
Cmd: translateComputeKernel
  api=14 insize=1121 outsize=1498 ok=1
Cmd: compileComputeKernel
  api=14 insize=3111 outsize=2803 ok=1
Cmd: translateComputeKernel
  api=14 insize=4153 outsize=7679 ok=1
Cmd: compileComputeKernel
  api=14 insize=839 outsize=1021 ok=1
Cmd: translateComputeKernel
  api=14 insize=876 outsize=807 ok=1
Cmd: translateComputeKernel
  api=14 insize=1153 outsize=1425 ok=1
Cmd: compileComputeKernel
  api=14 insize=8163 outsize=10129 ok=1
Cmd: translateComputeKernel
  api=14 insize=10248 outsize=3407 ok=1
Cmd: translateComputeKernel
  api=14 insize=2266 outsize=2684 ok=1
Cmd: compileComputeKernel
  api=14 insize=21149 outsize=35589 ok=1
Cmd: translateComputeKernel
  api=14 insize=103312 outsize=625161 ok=1
Cmd: compileComputeKernel
  api=14 insize=37247 outsize=48096 ok=1
Cmd: compileComputeKernel
  api=14 insize=37247 outsize=49728 ok=1
Cmd: compileComputeKernel
  api=14 insize=37247 outsize=48096 ok=1
Cmd: compileComputeKernel
  api=14 insize=37247 outsize=49728 ok=1
Cmd: translateComputeKernel
  api=14 insize=46451 outsize=89879 ok=1
Cmd: translateComputeKernel
  api=14 insize=47632 outsize=92682 ok=1
Cmd: translateComputeKernel
  api=14 insize=46451 outsize=89879 ok=1
Cmd: translateComputeKernel
  api=14 insize=47632 outsize=92682 ok=1
Cmd: compileComputeKernel
  api=14 insize=8512 outsize=2428 ok=1
Cmd: translateComputeKernel
  api=14 insize=2428 outsize=4806 ok=1
Cmd: translateComputeKernel
  api=14 insize=2785 outsize=3443 ok=1
Cmd: compileComputeKernel
  api=14 insize=17989 outsize=17773 ok=1
Cmd: translateComputeKernel
  api=14 insize=17822 outsize=20114 ok=1
Cmd: compileComputeKernel
  api=14 insize=5190 outsize=13069 ok=1
Cmd: translateComputeKernel
  api=14 insize=13069 outsize=8443 ok=1
Cmd: translateComputeKernel
  api=14 insize=632 outsize=520 ok=1
Cmd: compileComputeKernel
  api=14 insize=2684 outsize=2550 ok=1
Cmd: translateComputeKernel
  api=14 insize=11180 outsize=5258 ok=1
Cmd: translateComputeKernel
  api=14 insize=2071 outsize=3252 ok=1
Cmd: compileComputeKernel
  api=14 insize=10127 outsize=4555 ok=1
Cmd: translateComputeKernel
  api=14 insize=3507 outsize=6443 ok=1
Cmd: translateComputeKernel
  api=14 insize=5054 outsize=8976 ok=1
Cmd: compileComputeKernel
  api=14 insize=7903 outsize=12228 ok=1
Cmd: compileComputeKernel
  api=14 insize=7903 outsize=14679 ok=1
Cmd: translateComputeKernel
  api=14 insize=13619 outsize=8681 ok=1
Cmd: compileComputeKernel
  api=14 insize=4037 outsize=11722 ok=1
Cmd: translateComputeKernel
  api=14 insize=11722 outsize=5994 ok=1
Cmd: translateComputeKernel
  api=14 insize=1941 outsize=2829 ok=1
Cmd: compileComputeKernel
  api=14 insize=18083 outsize=3153 ok=1
Cmd: translateComputeKernel
  api=14 insize=1527 outsize=1349 ok=1
Cmd: translateComputeKernel
  api=14 insize=3423 outsize=5018 ok=1
Cmd: translateComputeKernel
  api=14 insize=13190 outsize=9504 ok=1
Cmd: translateComputeKernel
  api=14 insize=1549 outsize=1432 ok=1
Cmd: compileComputeKernel
  api=14 insize=5893 outsize=5793 ok=1
Cmd: compileSnippet
  api=14 type=0 insize=1152 outsize=2426 kw= pd=UNITY_ENABLE_REFLECTION_BUFFERS UNITY_USE_DITHER_MASK_FOR_ALPHABLENDED_SHADOWS UNITY_PBS_USE_BRDF1 UNITY_SPECCUBE_BOX_PROJECTION UNITY_SPECCUBE_BLENDING UNITY_ENABLE_DETAIL_NORMALMAP SHADER_API_DESKTOP UNITY_COLORSPACE_GAMMA UNITY_LIGHT_PROBE_PROXY_VOLUME UNITY_LIGHTMAP_FULL_HDR ok=1
Cmd: compileSnippet
  api=14 type=0 insize=2378 outsize=4466 kw=_MAIN_LIGHT_SHADOWS _SHADOWS_SOFT pd=UNITY_ENABLE_REFLECTION_BUFFERS UNITY_USE_DITHER_MASK_FOR_ALPHABLENDED_SHADOWS UNITY_PBS_USE_BRDF1 UNITY_SPECCUBE_BOX_PROJECTION UNITY_SPECCUBE_BLENDING UNITY_ENABLE_DETAIL_NORMALMAP SHADER_API_DESKTOP UNITY_COLORSPACE_GAMMA UNITY_LIGHT_PROBE_PROXY_VOLUME UNITY_LIGHTMAP_FULL_HDR ok=1
Cmd: compileSnippet
  api=14 type=0 insize=23880 outsize=6256 kw=_MAIN_LIGHT_SHADOWS _SHADOWS_SOFT pd=UNITY_ENABLE_REFLECTION_BUFFERS UNITY_USE_DITHER_MASK_FOR_ALPHABLENDED_SHADOWS UNITY_PBS_USE_BRDF1 UNITY_SPECCUBE_BOX_PROJECTION UNITY_SPECCUBE_BLENDING UNITY_ENABLE_DETAIL_NORMALMAP SHADER_API_DESKTOP UNITY_COLORSPACE_GAMMA UNITY_LIGHT_PROBE_PROXY_VOLUME UNITY_LIGHTMAP_FULL_HDR ok=1
Cmd: compileSnippet
  api=14 type=0 insize=24612 outsize=6256 kw=_MAIN_LIGHT_SHADOWS _SHADOWS_SOFT pd=UNITY_ENABLE_REFLECTION_BUFFERS UNITY_USE_DITHER_MASK_FOR_ALPHABLENDED_SHADOWS UNITY_PBS_USE_BRDF1 UNITY_SPECCUBE_BOX_PROJECTION UNITY_SPECCUBE_BLENDING UNITY_ENABLE_DETAIL_NORMALMAP SHADER_API_DESKTOP UNITY_COLORSPACE_GAMMA UNITY_LIGHT_PROBE_PROXY_VOLUME UNITY_LIGHTMAP_FULL_HDR ok=1
