Base path: 'F:/Program Files/Unity/Hub/Editor/2019.3.11f1/Editor/Data', plugins path 'F:/Program Files/Unity/Hub/Editor/2019.3.11f1/Editor/Data/PlaybackEngines'
Cmd: initializeCompiler
Cmd: compileComputeKernel
  api=4 insize=4443 outsize=2478 ok=1
Cmd: compileComputeKernel
  api=4 insize=1522 outsize=1121 ok=1
Cmd: translateComputeKernel
  api=14 insize=1312 outsize=1327 ok=1
Cmd: compileComputeKernel
  api=14 insize=1321 outsize=1599 ok=1
Cmd: translateComputeKernel
  api=14 insize=1479 outsize=1659 ok=1
Cmd: compileComputeKernel
  api=14 insize=4919 outsize=3408 ok=1
Cmd: translateComputeKernel
  api=14 insize=4242 outsize=5291 ok=1
Cmd: compileComputeKernel
  api=14 insize=1868 outsize=3871 ok=1
Cmd: translateComputeKernel
  api=14 insize=3871 outsize=5086 ok=1
