Base path: '/Applications/Unity/Hub/Editor/2019.2.17f1/Unity.app/Contents', plugins path '/Applications/Unity/Hub/Editor/2019.2.17f1/Unity.app/Contents/PlaybackEngines'
Cmd: initializeCompiler
Cmd: translateComputeKernel
  api=14 insize=9005 outsize=1659 ok=1
Cmd: compileComputeKernel
  api=14 insize=15806 outsize=133812 ok=1
Cmd: compileComputeKernel
  api=14 insize=15806 outsize=77842 ok=1
Cmd: compileComputeKernel
  api=14 insize=15806 outsize=60488 ok=1
Cmd: compileComputeKernel
  api=14 insize=15806 outsize=48619 ok=1
Cmd: compileComputeKernel
  api=14 insize=15806 outsize=44608 ok=1
Cmd: compileComputeKernel
  api=14 insize=15806 outsize=89627 ok=1
Cmd: compileComputeKernel
  api=14 insize=15806 outsize=24772 ok=1
Cmd: compileComputeKernel
  api=14 insize=15806 outsize=47967 ok=1
Cmd: compileComputeKernel
  api=14 insize=15806 outsize=55809 ok=1
Cmd: compileComputeKernel
  api=14 insize=15806 outsize=69811 ok=1
Cmd: compileComputeKernel
  api=14 insize=15806 outsize=50708 ok=1
Cmd: compileComputeKernel
  api=14 insize=15806 outsize=58514 ok=1
Cmd: compileComputeKernel
  api=14 insize=15806 outsize=69913 ok=1
Cmd: compileComputeKernel
  api=14 insize=15806 outsize=62733 ok=1
Cmd: compileComputeKernel
  api=14 insize=15806 outsize=114893 ok=1
Cmd: translateComputeKernel
  api=14 insize=131419 outsize=307199 ok=1
Cmd: translateComputeKernel
  api=14 insize=42256 outsize=75902 ok=1
Cmd: translateComputeKernel
  api=14 insize=54865 outsize=106958 ok=1
Cmd: translateComputeKernel
  api=14 insize=53464 outsize=107732 ok=1
Cmd: translateComputeKernel
  api=14 insize=68242 outsize=139503 ok=1
Cmd: translateComputeKernel
  api=14 insize=91920 outsize=202778 ok=1
Cmd: translateComputeKernel
  api=14 insize=68629 outsize=139480 ok=1
Cmd: translateComputeKernel
  api=14 insize=49703 outsize=92799 ok=1
Cmd: translateComputeKernel
  api=14 insize=44641 outsize=80561 ok=1
Cmd: translateComputeKernel
  api=14 insize=57330 outsize=111363 ok=1
Cmd: translateComputeKernel
  api=14 insize=112998 outsize=265026 ok=1
Cmd: translateComputeKernel
  api=14 insize=51776 outsize=98828 ok=1
Cmd: translateComputeKernel
  api=14 insize=63742 outsize=129127 ok=1
Cmd: translateComputeKernel
  api=14 insize=83823 outsize=179037 ok=1
Cmd: translateComputeKernel
  api=14 insize=92771 outsize=200871 ok=1
Cmd: compileComputeKernel
  api=14 insize=26390 outsize=15663 ok=1
Cmd: compileComputeKernel
  api=14 insize=26390 outsize=17903 ok=1
Cmd: compileComputeKernel
  api=14 insize=26390 outsize=18087 ok=1
Cmd: translateComputeKernel
  api=14 insize=17507 outsize=34076 ok=1
Cmd: translateComputeKernel
  api=14 insize=18125 outsize=35124 ok=1
Cmd: translateComputeKernel
  api=14 insize=18128 outsize=35197 ok=1
Cmd: compileComputeKernel
  api=14 insize=5910 outsize=6309 ok=1
Cmd: compileComputeKernel
  api=14 insize=2059 outsize=2127 ok=1
Cmd: compileComputeKernel
  api=14 insize=3798 outsize=3796 ok=1
Cmd: translateComputeKernel
  api=14 insize=3796 outsize=6310 ok=1
Cmd: compileComputeKernel
  api=14 insize=1176 outsize=1412 ok=1
Cmd: translateComputeKernel
  api=14 insize=1448 outsize=1548 ok=1
Cmd: compileComputeKernel
  api=14 insize=10881 outsize=10700 ok=1
Cmd: translateComputeKernel
  api=14 insize=10700 outsize=18699 ok=1
Cmd: compileComputeKernel
  api=14 insize=9590 outsize=15281 ok=1
Cmd: compileComputeKernel
  api=14 insize=9590 outsize=11818 ok=1
Cmd: translateComputeKernel
  api=14 insize=9799 outsize=13917 ok=1
Cmd: translateComputeKernel
  api=14 insize=9806 outsize=13924 ok=1
Cmd: translateComputeKernel
  api=14 insize=10215 outsize=14734 ok=1
Cmd: compileComputeKernel
  api=14 insize=11807 outsize=17932 ok=1
Cmd: translateComputeKernel
  api=14 insize=18197 outsize=21048 ok=1
Cmd: compileComputeKernel
  api=14 insize=9730 outsize=831 ok=1
Cmd: translateComputeKernel
  api=14 insize=1038 outsize=862 ok=1
Cmd: compileComputeKernel
  api=14 insize=4855 outsize=10966 ok=1
Cmd: translateComputeKernel
  api=14 insize=5372 outsize=7534 ok=1
Cmd: compileComputeKernel
  api=14 insize=4133 outsize=8665 ok=1
Cmd: translateComputeKernel
  api=14 insize=8790 outsize=1474 ok=1
Cmd: compileComputeKernel
  api=14 insize=5067 outsize=10886 ok=1
Cmd: translateComputeKernel
  api=14 insize=11396 outsize=5745 ok=1
Cmd: compileComputeKernel
  api=14 insize=3396 outsize=3386 ok=1
Cmd: translateComputeKernel
  api=14 insize=3205 outsize=5289 ok=1
Cmd: compileComputeKernel
  api=14 insize=7611 outsize=1541 ok=1
Cmd: compileComputeKernel
  api=14 insize=7611 outsize=1552 ok=1
Cmd: translateComputeKernel
  api=14 insize=7010 outsize=13541 ok=1
Cmd: compileComputeKernel
  api=14 insize=3154 outsize=2704 ok=1
Cmd: translateComputeKernel
  api=14 insize=2704 outsize=4903 ok=1
Cmd: compileComputeKernel
  api=14 insize=12586 outsize=12009 ok=1
Cmd: compileComputeKernel
  api=14 insize=13984 outsize=517 ok=1
Cmd: compileComputeKernel
  api=14 insize=13984 outsize=3244 ok=1
Cmd: translateComputeKernel
  api=14 insize=3351 outsize=4841 ok=1
Cmd: compileComputeKernel
  api=14 insize=18299 outsize=9597 ok=1
Cmd: compileComputeKernel
  api=14 insize=18299 outsize=11294 ok=1
Cmd: translateComputeKernel
  api=14 insize=9597 outsize=16409 ok=1
Cmd: translateComputeKernel
  api=14 insize=9375 outsize=16169 ok=1
Cmd: translateComputeKernel
  api=14 insize=11282 outsize=24776 ok=1
Cmd: compileComputeKernel
  api=14 insize=22088 outsize=16409 ok=1
Cmd: compileComputeKernel
  api=14 insize=22088 outsize=16579 ok=1
Cmd: translateComputeKernel
  api=14 insize=17022 outsize=34814 ok=1
Cmd: translateComputeKernel
  api=14 insize=17099 outsize=34854 ok=1
Cmd: translateComputeKernel
  api=14 insize=15488 outsize=13558 ok=1
Cmd: translateComputeKernel
  api=14 insize=6993 outsize=13506 ok=1
Cmd: translateComputeKernel
  api=14 insize=3026 outsize=5577 ok=1
Cmd: translateComputeKernel
  api=14 insize=2640 outsize=3665 ok=1
Cmd: compileComputeKernel
  api=14 insize=3111 outsize=4153 ok=1
Cmd: translateComputeKernel
  api=14 insize=864 outsize=1278 ok=1
Cmd: translateComputeKernel
  api=14 insize=2800 outsize=4891 ok=1
Cmd: translateComputeKernel
  api=14 insize=1056 outsize=882 ok=1
Cmd: compileComputeKernel
  api=14 insize=4919 outsize=4158 ok=1
Cmd: translateComputeKernel
  api=14 insize=4242 outsize=5291 ok=1
Cmd: compileComputeKernel
  api=14 insize=3072 outsize=2124 ok=1
Cmd: compileComputeKernel
  api=14 insize=1806 outsize=1153 ok=1
Cmd: translateComputeKernel
  api=14 insize=1997 outsize=3520 ok=1
Cmd: compileComputeKernel
  api=14 insize=8163 outsize=1327 ok=1
Cmd: translateComputeKernel
  api=14 insize=14158 outsize=16231 ok=1
Cmd: translateComputeKernel
  api=14 insize=1094 outsize=1068 ok=1
Cmd: compileComputeKernel
  api=14 insize=21149 outsize=103317 ok=1
Cmd: translateComputeKernel
  api=14 insize=35584 outsize=60656 ok=1
Cmd: compileComputeKernel
  api=14 insize=37247 outsize=45979 ok=1
Cmd: compileComputeKernel
  api=14 insize=37247 outsize=47251 ok=1
Cmd: compileComputeKernel
  api=14 insize=37247 outsize=45979 ok=1
Cmd: compileComputeKernel
  api=14 insize=37247 outsize=47251 ok=1
Cmd: translateComputeKernel
  api=14 insize=45705 outsize=88707 ok=1
Cmd: translateComputeKernel
  api=14 insize=46934 outsize=91593 ok=1
Cmd: translateComputeKernel
  api=14 insize=45705 outsize=88707 ok=1
Cmd: translateComputeKernel
  api=14 insize=46934 outsize=91593 ok=1
Cmd: compileComputeKernel
  api=14 insize=8512 outsize=3414 ok=1
Cmd: compileComputeKernel
  api=14 insize=5626 outsize=2627 ok=1
Cmd: compileComputeKernel
  api=14 insize=17989 outsize=16792 ok=1
Cmd: translateComputeKernel
  api=14 insize=16880 outsize=17596 ok=1
Cmd: compileComputeKernel
  api=14 insize=5190 outsize=9769 ok=1
Cmd: compileComputeKernel
  api=14 insize=5190 outsize=1754 ok=1
Cmd: compileComputeKernel
  api=14 insize=5190 outsize=1179 ok=1
Cmd: compileComputeKernel
  api=14 insize=5190 outsize=1375 ok=1
Cmd: translateComputeKernel
  api=14 insize=9769 outsize=2995 ok=1
Cmd: translateComputeKernel
  api=14 insize=11050 outsize=5302 ok=1
Cmd: translateComputeKernel
  api=14 insize=1533 outsize=1757 ok=1
Cmd: compileComputeKernel
  api=14 insize=16084 outsize=12315 ok=1
Cmd: translateComputeKernel
  api=14 insize=2550 outsize=4248 ok=1
Cmd: compileComputeKernel
  api=14 insize=1454 outsize=1199 ok=1
Cmd: translateComputeKernel
  api=14 insize=1199 outsize=1303 ok=1
Cmd: translateComputeKernel
  api=14 insize=1477 outsize=2238 ok=1
Cmd: compileComputeKernel
  api=14 insize=10127 outsize=3434 ok=1
Cmd: compileComputeKernel
  error: 1 plat 14 at Sort.compute(218): use of potentially uninitialized variable (GetKeyWithCheck)
  api=14 insize=10127 outsize=5054 ok=1
Cmd: compileComputeKernel
  error: 1 plat 14 at Sort.compute(218): use of potentially uninitialized variable (GetKeyWithCheck)
  api=14 insize=10127 outsize=5023 ok=1
Cmd: translateComputeKernel
  api=14 insize=4628 outsize=8465 ok=1
Cmd: translateComputeKernel
  api=14 insize=5023 outsize=8658 ok=1
Cmd: compileComputeKernel
  api=14 insize=7903 outsize=13455 ok=1
Cmd: compileComputeKernel
  api=14 insize=7903 outsize=13464 ok=1
Cmd: translateComputeKernel
  api=14 insize=12467 outsize=6687 ok=1
Cmd: translateComputeKernel
  api=14 insize=15841 outsize=12615 ok=1
Cmd: compileComputeKernel
  api=14 insize=4037 outsize=10947 ok=1
Cmd: translateComputeKernel
  api=14 insize=10947 outsize=5029 ok=1
Cmd: compileComputeKernel
  api=14 insize=18083 outsize=1254 ok=1
Cmd: compileComputeKernel
  api=14 insize=18083 outsize=13340 ok=1
Cmd: translateComputeKernel
  api=14 insize=1524 outsize=1346 ok=1
Cmd: translateComputeKernel
  api=14 insize=13468 outsize=10084 ok=1
Cmd: compileComputeKernel
  api=14 insize=5893 outsize=1413 ok=1
Cmd: compileComputeKernel
  api=14 insize=3936 outsize=5093 ok=1
Cmd: translateComputeKernel
  api=14 insize=5024 outsize=9032 ok=1
Cmd: compileSnippet
  api=14 type=0 insize=2378 outsize=4747 kw=_NORMALMAP _MAIN_LIGHT_SHADOWS _SHADOWS_SOFT _OCCLUSIONMAP pd=UNITY_ENABLE_REFLECTION_BUFFERS UNITY_USE_DITHER_MASK_FOR_ALPHABLENDED_SHADOWS UNITY_PBS_USE_BRDF1 UNITY_SPECCUBE_BOX_PROJECTION UNITY_SPECCUBE_BLENDING UNITY_ENABLE_DETAIL_NORMALMAP SHADER_API_DESKTOP UNITY_COLORSPACE_GAMMA UNITY_LIGHT_PROBE_PROXY_VOLUME UNITY_LIGHTMAP_FULL_HDR ok=1
Cmd: compileSnippet
  api=14 type=1 insize=2378 outsize=10890 kw=_MAIN_LIGHT_SHADOWS _SHADOWS_SOFT pd=UNITY_ENABLE_REFLECTION_BUFFERS UNITY_USE_DITHER_MASK_FOR_ALPHABLENDED_SHADOWS UNITY_PBS_USE_BRDF1 UNITY_SPECCUBE_BOX_PROJECTION UNITY_SPECCUBE_BLENDING UNITY_ENABLE_DETAIL_NORMALMAP SHADER_API_DESKTOP UNITY_COLORSPACE_GAMMA UNITY_LIGHT_PROBE_PROXY_VOLUME UNITY_LIGHTMAP_FULL_HDR ok=1
Cmd: compileSnippet
  api=14 type=1 insize=24612 outsize=17018 kw=_MAIN_LIGHT_SHADOWS _SHADOWS_SOFT pd=UNITY_ENABLE_REFLECTION_BUFFERS UNITY_USE_DITHER_MASK_FOR_ALPHABLENDED_SHADOWS UNITY_PBS_USE_BRDF1 UNITY_SPECCUBE_BOX_PROJECTION UNITY_SPECCUBE_BLENDING UNITY_ENABLE_DETAIL_NORMALMAP SHADER_API_DESKTOP UNITY_COLORSPACE_GAMMA UNITY_LIGHT_PROBE_PROXY_VOLUME UNITY_LIGHTMAP_FULL_HDR ok=1
